running egg_info
creating ../../build/mavros_takeoff_demo/mavros_takeoff_demo.egg-info
writing ../../build/mavros_takeoff_demo/mavros_takeoff_demo.egg-info/PKG-INFO
writing dependency_links to ../../build/mavros_takeoff_demo/mavros_takeoff_demo.egg-info/dependency_links.txt
writing entry points to ../../build/mavros_takeoff_demo/mavros_takeoff_demo.egg-info/entry_points.txt
writing requirements to ../../build/mavros_takeoff_demo/mavros_takeoff_demo.egg-info/requires.txt
writing top-level names to ../../build/mavros_takeoff_demo/mavros_takeoff_demo.egg-info/top_level.txt
writing manifest file '../../build/mavros_takeoff_demo/mavros_takeoff_demo.egg-info/SOURCES.txt'
reading manifest file '../../build/mavros_takeoff_demo/mavros_takeoff_demo.egg-info/SOURCES.txt'
writing manifest file '../../build/mavros_takeoff_demo/mavros_takeoff_demo.egg-info/SOURCES.txt'
running build
running install
running install_data
creating /home/tony/ws_mavros/install/mavros_takeoff_demo/share/ament_index/resource_index/packages
copying resource/mavros_takeoff_demo -> /home/tony/ws_mavros/install/mavros_takeoff_demo/share/ament_index/resource_index/packages
copying package.xml -> /home/tony/ws_mavros/install/mavros_takeoff_demo/share/mavros_takeoff_demo
running install_egg_info
Copying ../../build/mavros_takeoff_demo/mavros_takeoff_demo.egg-info to /home/tony/ws_mavros/install/mavros_takeoff_demo/lib/python3.10/site-packages/mavros_takeoff_demo-0.0.0-py3.10.egg-info
running install_scripts
Installing takeoff_node script to /home/tony/ws_mavros/install/mavros_takeoff_demo/lib/mavros_takeoff_demo
writing list of installed files to '/home/tony/ws_mavros/build/mavros_takeoff_demo/install.log'
