[1.049s] Invoking command in '/home/tony/ws_mavros/src/mavros_takeoff_demo': PYTHONPATH=/home/tony/ws_mavros/build/mavros_takeoff_demo/prefix_override:/usr/lib/python3/dist-packages/colcon_core/task/python/colcon_distutils_commands:/home/tony/ws_mavros/install/mavros_takeoff_demo/lib/python3.10/site-packages:${PYTHONPATH} /usr/bin/python3 -W ignore:setup.py install is deprecated -W ignore:easy_install command is deprecated setup.py egg_info --egg-base ../../build/mavros_takeoff_demo build --build-base /home/tony/ws_mavros/build/mavros_takeoff_demo/build install --record /home/tony/ws_mavros/build/mavros_takeoff_demo/install.log --single-version-externally-managed install_data
[1.455s] running egg_info
[1.482s] writing ../../build/mavros_takeoff_demo/mavros_takeoff_demo.egg-info/PKG-INFO
[1.482s] writing dependency_links to ../../build/mavros_takeoff_demo/mavros_takeoff_demo.egg-info/dependency_links.txt
[1.483s] writing entry points to ../../build/mavros_takeoff_demo/mavros_takeoff_demo.egg-info/entry_points.txt
[1.483s] writing requirements to ../../build/mavros_takeoff_demo/mavros_takeoff_demo.egg-info/requires.txt
[1.483s] writing top-level names to ../../build/mavros_takeoff_demo/mavros_takeoff_demo.egg-info/top_level.txt
[1.541s] reading manifest file '../../build/mavros_takeoff_demo/mavros_takeoff_demo.egg-info/SOURCES.txt'
[1.542s] writing manifest file '../../build/mavros_takeoff_demo/mavros_takeoff_demo.egg-info/SOURCES.txt'
[1.542s] running build
[1.542s] running build_py
[1.542s] creating /home/tony/ws_mavros/build/mavros_takeoff_demo/build/lib/mavros_takeoff_demo
[1.542s] copying mavros_takeoff_demo/__init__.py -> /home/tony/ws_mavros/build/mavros_takeoff_demo/build/lib/mavros_takeoff_demo
[1.543s] copying mavros_takeoff_demo/takeoff_node.py -> /home/tony/ws_mavros/build/mavros_takeoff_demo/build/lib/mavros_takeoff_demo
[1.543s] running install
[1.549s] running install_lib
[1.572s] creating /home/tony/ws_mavros/install/mavros_takeoff_demo/lib/python3.10/site-packages/mavros_takeoff_demo
[1.573s] copying /home/tony/ws_mavros/build/mavros_takeoff_demo/build/lib/mavros_takeoff_demo/__init__.py -> /home/tony/ws_mavros/install/mavros_takeoff_demo/lib/python3.10/site-packages/mavros_takeoff_demo
[1.573s] copying /home/tony/ws_mavros/build/mavros_takeoff_demo/build/lib/mavros_takeoff_demo/takeoff_node.py -> /home/tony/ws_mavros/install/mavros_takeoff_demo/lib/python3.10/site-packages/mavros_takeoff_demo
[1.573s] byte-compiling /home/tony/ws_mavros/install/mavros_takeoff_demo/lib/python3.10/site-packages/mavros_takeoff_demo/__init__.py to __init__.cpython-310.pyc
[1.574s] byte-compiling /home/tony/ws_mavros/install/mavros_takeoff_demo/lib/python3.10/site-packages/mavros_takeoff_demo/takeoff_node.py to takeoff_node.cpython-310.pyc
[1.574s] running install_data
[1.575s] copying resource/mavros_takeoff_demo -> /home/tony/ws_mavros/install/mavros_takeoff_demo/share/ament_index/resource_index/packages
[1.575s] copying package.xml -> /home/tony/ws_mavros/install/mavros_takeoff_demo/share/mavros_takeoff_demo
[1.576s] running install_egg_info
[1.601s] removing '/home/tony/ws_mavros/install/mavros_takeoff_demo/lib/python3.10/site-packages/mavros_takeoff_demo-0.0.0-py3.10.egg-info' (and everything under it)
[1.602s] Copying ../../build/mavros_takeoff_demo/mavros_takeoff_demo.egg-info to /home/tony/ws_mavros/install/mavros_takeoff_demo/lib/python3.10/site-packages/mavros_takeoff_demo-0.0.0-py3.10.egg-info
[1.603s] running install_scripts
[1.654s] Installing takeoff_node script to /home/tony/ws_mavros/install/mavros_takeoff_demo/lib/mavros_takeoff_demo
[1.655s] writing list of installed files to '/home/tony/ws_mavros/build/mavros_takeoff_demo/install.log'
[1.714s] Invoked command in '/home/tony/ws_mavros/src/mavros_takeoff_demo' returned '0': PYTHONPATH=/home/tony/ws_mavros/build/mavros_takeoff_demo/prefix_override:/usr/lib/python3/dist-packages/colcon_core/task/python/colcon_distutils_commands:/home/tony/ws_mavros/install/mavros_takeoff_demo/lib/python3.10/site-packages:${PYTHONPATH} /usr/bin/python3 -W ignore:setup.py install is deprecated -W ignore:easy_install command is deprecated setup.py egg_info --egg-base ../../build/mavros_takeoff_demo build --build-base /home/tony/ws_mavros/build/mavros_takeoff_demo/build install --record /home/tony/ws_mavros/build/mavros_takeoff_demo/install.log --single-version-externally-managed install_data
